0 info it worked if it ends with ok
1 verbose cli [ 'E:\\node\\node.exe',
1 verbose cli   'E:\\node\\node_modules\\npm\\bin\\npm-cli.js',
1 verbose cli   'run',
1 verbose cli   'start' ]
2 info using npm@3.10.9
3 info using node@v6.9.2
4 verbose run-script [ 'prestart', 'start', 'poststart' ]
5 info lifecycle frommetoyou@0.1.0~prestart: frommetoyou@0.1.0
6 silly lifecycle frommetoyou@0.1.0~prestart: no script for prestart, continuing
7 info lifecycle frommetoyou@0.1.0~start: frommetoyou@0.1.0
8 verbose lifecycle frommetoyou@0.1.0~start: unsafe-perm in lifecycle true
9 verbose lifecycle frommetoyou@0.1.0~start: PATH: E:\node\node_modules\npm\bin\node-gyp-bin;G:\Arts\GIT\React-Template\node_modules\.bin;C:\Windows\system32;C:\Windows;C:\Windows\System32\Wbem;C:\Windows\System32\WindowsPowerShell\v1.0\;C:\Program Files (x86)\ATI Technologies\ATI.ACE\Core-Static;C:\Program Files (x86)\AMD\ATI.ACE\Core-Static;C:\Program Files\Git\cmd;C:\Windows\system32\config\systemprofile\.dnx\bin;C:\Program Files\Microsoft DNX\Dnvm\;C:\Program Files\Microsoft SQL Server\120\Tools\Binn\;C:\Program Files\PostgreSQL\pg96\bin;C:\Program Files (x86)\Bitvise SSH Client;C:\Program Files\MySQl;C:\php;C:\Apache24;C:\Apache24\bin;E:\node\;C:\Users\vivek\AppData\Local\Programs\Python\Python36\Scripts\;C:\Users\vivek\AppData\Local\Programs\Python\Python36\;C:\Program Files (x86)\Microsoft VS Code\bin;C:\Users\vivek\AppData\Roaming\npm
10 verbose lifecycle frommetoyou@0.1.0~start: CWD: G:\Arts\GIT\React-Template
11 silly lifecycle frommetoyou@0.1.0~start: Args: [ '/d /s /c', 'node --require babel-register server' ]
12 silly lifecycle frommetoyou@0.1.0~start: Returned: code: 3221225477  signal: null
13 info lifecycle frommetoyou@0.1.0~start: Failed to exec start script
14 verbose stack Error: frommetoyou@0.1.0 start: `node --require babel-register server`
14 verbose stack Exit status 3221225477
14 verbose stack     at EventEmitter.<anonymous> (E:\node\node_modules\npm\lib\utils\lifecycle.js:255:16)
14 verbose stack     at emitTwo (events.js:106:13)
14 verbose stack     at EventEmitter.emit (events.js:191:7)
14 verbose stack     at ChildProcess.<anonymous> (E:\node\node_modules\npm\lib\utils\spawn.js:40:14)
14 verbose stack     at emitTwo (events.js:106:13)
14 verbose stack     at ChildProcess.emit (events.js:191:7)
14 verbose stack     at maybeClose (internal/child_process.js:877:16)
14 verbose stack     at Process.ChildProcess._handle.onexit (internal/child_process.js:226:5)
15 verbose pkgid frommetoyou@0.1.0
16 verbose cwd G:\Arts\GIT\React-Template
17 error Windows_NT 10.0.10240
18 error argv "E:\\node\\node.exe" "E:\\node\\node_modules\\npm\\bin\\npm-cli.js" "run" "start"
19 error node v6.9.2
20 error npm  v3.10.9
21 error code ELIFECYCLE
22 error frommetoyou@0.1.0 start: `node --require babel-register server`
22 error Exit status 3221225477
23 error Failed at the frommetoyou@0.1.0 start script 'node --require babel-register server'.
23 error Make sure you have the latest version of node.js and npm installed.
23 error If you do, this is most likely a problem with the frommetoyou package,
23 error not with npm itself.
23 error Tell the author that this fails on your system:
23 error     node --require babel-register server
23 error You can get information on how to open an issue for this project with:
23 error     npm bugs frommetoyou
23 error Or if that isn't available, you can get their info via:
23 error     npm owner ls frommetoyou
23 error There is likely additional logging output above.
24 verbose exit [ 1, true ]
